<?xml version="1.0" encoding="UTF-8"?>
<!-- Generated by org.testng.reporters.JUnitXMLReporter -->
<testsuite ignored="0" hostname="SHASHANK-HP360" failures="2" tests="2" name="Test" time="30.934" errors="0" timestamp="2021-05-19T00:02:13 IST">
  <testcase classname="com.qa.tests.ProductTests" name="validateProductOnProductDetailsPage" time="3.797">
    <failure type="java.lang.AssertionError" message="The following asserts failed:
	expected [Sauce Labs Backpack Remove] but found [Sauce Labs Backpack]">
      <![CDATA[java.lang.AssertionError: The following asserts failed:
expected [Sauce Labs Backpack Remove] but found [Sauce Labs Backpack]
at com.qa.tests.ProductTests.validateProductOnProductDetailsPage(ProductTests.java:82)
at java.base/java.util.ArrayList.forEach(ArrayList.java:1541)
... Removed 29 stack frames]]>
    </failure>
  </testcase> <!-- validateProductOnProductDetailsPage -->
  <testcase classname="com.qa.tests.ProductTests" name="validateProductOnProductsPage" time="1.501">
    <failure type="java.lang.AssertionError" message="The following asserts failed:
	expected [Sauce Labs Backpack Remove] but found [Sauce Labs Backpack]">
      <![CDATA[java.lang.AssertionError: The following asserts failed:
expected [Sauce Labs Backpack Remove] but found [Sauce Labs Backpack]
at com.qa.tests.ProductTests.validateProductOnProductsPage(ProductTests.java:65)
at java.base/java.util.ArrayList.forEach(ArrayList.java:1541)
... Removed 29 stack frames]]>
    </failure>
  </testcase> <!-- validateProductOnProductsPage -->
</testsuite> <!-- Test -->
